Copyright 1986-2017 Xilinx, Inc. All Rights Reserved.
-------------------------------------------------------------------------------------------
| Tool Version : Vivado v.2017.4 (win64) Build 2086221 Fri Dec 15 20:55:39 MST 2017
| Date         : Mon Mar  5 17:11:34 2018
| Host         : DESKTOP-7NB8043 running 64-bit major release  (build 9200)
| Command      : report_control_sets -verbose -file cla_adder_7seg_control_sets_placed.rpt
| Design       : cla_adder_7seg
| Device       : xc7a100t
-------------------------------------------------------------------------------------------

Control Set Information

Table of Contents
-----------------
1. Summary
2. Flip-Flop Distribution
3. Detailed Control Set Information

1. Summary
----------

+----------------------------------------------------------+-------+
|                          Status                          | Count |
+----------------------------------------------------------+-------+
| Number of unique control sets                            |     2 |
| Unused register locations in slices containing registers |    12 |
+----------------------------------------------------------+-------+


2. Flip-Flop Distribution
-------------------------

+--------------+-----------------------+------------------------+-----------------+--------------+
| Clock Enable | Synchronous Set/Reset | Asynchronous Set/Reset | Total Registers | Total Slices |
+--------------+-----------------------+------------------------+-----------------+--------------+
| No           | No                    | No                     |               3 |            2 |
| No           | No                    | Yes                    |               0 |            0 |
| No           | Yes                   | No                     |              33 |           10 |
| Yes          | No                    | No                     |               0 |            0 |
| Yes          | No                    | Yes                    |               0 |            0 |
| Yes          | Yes                   | No                     |               0 |            0 |
+--------------+-----------------------+------------------------+-----------------+--------------+


3. Detailed Control Set Information
-----------------------------------

+----------------------+---------------+------------------+------------------+----------------+
|     Clock Signal     | Enable Signal | Set/Reset Signal | Slice Load Count | Bel Load Count |
+----------------------+---------------+------------------+------------------+----------------+
|  CLK/clk             |               |                  |                2 |              3 |
|  clk100MHz_IBUF_BUFG |               | rst_IBUF         |               10 |             33 |
+----------------------+---------------+------------------+------------------+----------------+


+--------+-----------------------+
| Fanout | Number of ControlSets |
+--------+-----------------------+
| 3      |                     1 |
| 16+    |                     1 |
+--------+-----------------------+


